<?xml version="1.0" encoding="UTF-8"?>
<!-- Generated by org.testng.reporters.JUnitReportReporter -->
<testsuite skipped="0" hostname="HP" name="org.main.ProgrmClass" tests="2" failures="0" timestamp="31 Mar 2021 13:42:06 GMT" time="40.397" errors="0">
  <testcase name="tc_02" time="25.227" classname="org.main.ProgrmClass"/>
  <testcase name="tc_01" time="15.170" classname="org.main.ProgrmClass"/>
</testsuite> <!-- org.main.ProgrmClass -->
